Using pre-set license

 COMMAND LINE ARGUMENTS:
/Applications/2020.3.1f1/Unity.app/Contents/MacOS/Unity
-adb2
-batchMode
-noUpm
-name
AssetImportWorker0
-projectPath
/Users/jessd/Documents/Documents/PhD Leuven/Duck_Soap/Unity_Prototype.nosync copy 2/2Dsoap_prototype_final
-logFile
Logs/AssetImportWorker0.log
-srvPort
50092
Successfully changed project path to: /Users/jessd/Documents/Documents/PhD Leuven/Duck_Soap/Unity_Prototype.nosync copy 2/2Dsoap_prototype_final
/Users/jessd/Documents/Documents/PhD Leuven/Duck_Soap/Unity_Prototype.nosync copy 2/2Dsoap_prototype_final
Using Asset Import Pipeline V2.
Refreshing native plugins compatible for Editor in 42.36 ms, found 2 plugins.
Preloading 0 native plugins for Editor in 0.00 ms.
Initialize engine version: 2020.3.1f1 (77a89f25062f)
[Subsystems] Discovering subsystems at path /Applications/2020.3.1f1/Unity.app/Contents/Resources/UnitySubsystems
[Subsystems] Discovering subsystems at path /Users/jessd/Documents/Documents/PhD Leuven/Duck_Soap/Unity_Prototype.nosync copy 2/2Dsoap_prototype_final/Assets
GfxDevice: creating device client; threaded=0
2021-09-20 09:11:36.847 Unity[22537:938402] HP E243 preferred device: AMD Radeon Pro 5500M (high power)
2021-09-20 09:11:36.847 Unity[22537:938402] Metal devices available: 2
2021-09-20 09:11:36.847 Unity[22537:938402] 0: AMD Radeon Pro 5500M (high power)
2021-09-20 09:11:36.847 Unity[22537:938402] 1: Intel(R) UHD Graphics 630 (low power)
2021-09-20 09:11:36.848 Unity[22537:938402] Using device AMD Radeon Pro 5500M (high power)
Initializing Metal device caps: AMD Radeon Pro 5500M
Initialize mono
Mono path[0] = '/Applications/2020.3.1f1/Unity.app/Contents/Managed'
Mono path[1] = '/Applications/2020.3.1f1/Unity.app/Contents/MonoBleedingEdge/lib/mono/unityjit'
Mono config path = '/Applications/2020.3.1f1/Unity.app/Contents/MonoBleedingEdge/etc'
Using monoOptions --debugger-agent=transport=dt_socket,embedding=1,server=y,suspend=n,address=127.0.0.1:56537
Begin MonoManager ReloadAssembly
Registering precompiled unity dll's ...
Register platform support module: /Applications/2020.3.1f1/PlaybackEngines/WebGLSupport/UnityEditor.WebGL.Extensions.dll
Register platform support module: /Applications/2020.3.1f1/Unity.app/Contents/PlaybackEngines/MacStandaloneSupport/UnityEditor.OSXStandalone.Extensions.dll
Registered in 0.000641 seconds.
Native extension for OSXStandalone target not found
Native extension for WebGL target not found
Refreshing native plugins compatible for Editor in 42.03 ms, found 2 plugins.
Preloading 0 native plugins for Editor in 0.00 ms.
Invoked RoslynAnalysisRunner static constructor.
RoslynAnalysisRunner will not be running.
RoslynAnalysisRunner has terminated.
Mono: successfully reloaded assembly
- Completed reload, in  2.964 seconds
Platform modules already initialized, skipping
Registering precompiled user dll's ...
Registered in 0.000642 seconds.
Begin MonoManager ReloadAssembly
Native extension for OSXStandalone target not found
Native extension for WebGL target not found
Refreshing native plugins compatible for Editor in 38.45 ms, found 2 plugins.
Preloading 0 native plugins for Editor in 0.00 ms.
Invoked RoslynAnalysisRunner static constructor.
RoslynAnalysisRunner will not be running.
RoslynAnalysisRunner has terminated.
Mono: successfully reloaded assembly
- Completed reload, in  1.106 seconds
Platform modules already initialized, skipping
========================================================================
Worker process is ready to serve import requests
Launching external process: /Applications/2020.3.1f1/Unity.app/Contents/Tools/UnityShaderCompiler
Launched and connected shader compiler UnityShaderCompiler after 0.01 seconds
Refreshing native plugins compatible for Editor in 0.39 ms, found 2 plugins.
Preloading 0 native plugins for Editor in 0.00 ms.
Unloading 1853 Unused Serialized files (Serialized files now loaded: 0)
System memory in use before: 154.0 MB.
System memory in use after: 154.1 MB.

Unloading 16 unused Assets to reduce memory usage. Loaded Objects now: 2304.
Total: 13.424523 ms (FindLiveObjects: 0.217172 ms CreateObjectMapping: 0.077094 ms MarkObjects: 13.064953 ms  DeleteObjects: 0.064465 ms)

========================================================================
Received Import Request.
  path: Assets/Scripts/ButtonInfoLab.cs
  artifactKey: Guid(1017f55898ebf42ad95327bc338af7b5) Importer(815301076,1909f56bfc062723c751e8b465ee728b)
Start importing Assets/Scripts/ButtonInfoLab.cs using Guid(1017f55898ebf42ad95327bc338af7b5) Importer(815301076,1909f56bfc062723c751e8b465ee728b)  -> (artifact id: 'bebc491afc4b5ab9b2e7b787619a02f7') in 2.068465 seconds
  Import took 2.072913 seconds .

========================================================================
Received Prepare
Refreshing native plugins compatible for Editor in 1.30 ms, found 2 plugins.
Preloading 0 native plugins for Editor in 0.00 ms.
Unloading 7 Unused Serialized files (Serialized files now loaded: 0)
System memory in use before: 120.1 MB.
System memory in use after: 120.2 MB.

Unloading 6 unused Assets to reduce memory usage. Loaded Objects now: 2304.
Total: 2.284239 ms (FindLiveObjects: 0.220975 ms CreateObjectMapping: 0.096529 ms MarkObjects: 1.952710 ms  DeleteObjects: 0.012832 ms)

========================================================================
Received Prepare
Registering precompiled user dll's ...
Registered in 0.000817 seconds.
Begin MonoManager ReloadAssembly
Native extension for OSXStandalone target not found
Native extension for WebGL target not found
Refreshing native plugins compatible for Editor in 0.35 ms, found 2 plugins.
Preloading 0 native plugins for Editor in 0.00 ms.
Invoked RoslynAnalysisRunner static constructor.
RoslynAnalysisRunner will not be running.
RoslynAnalysisRunner has terminated.
Mono: successfully reloaded assembly
- Completed reload, in  0.932 seconds
Platform modules already initialized, skipping
Switching build target platform(2) subTarget(0) extendedPlatform(0) -> platform(13) subTarget(537395200) extendedPlatform(0)
Refreshing native plugins compatible for Editor in 0.38 ms, found 2 plugins.
Preloading 0 native plugins for Editor in 0.00 ms.
Unloading 1835 Unused Serialized files (Serialized files now loaded: 0)
System memory in use before: 156.6 MB.
System memory in use after: 156.7 MB.

Unloading 9 unused Assets to reduce memory usage. Loaded Objects now: 2307.
Total: 1.718284 ms (FindLiveObjects: 0.208902 ms CreateObjectMapping: 0.063175 ms MarkObjects: 1.433842 ms  DeleteObjects: 0.011620 ms)

AssetImportParameters requested are different than current active one (requested -> active):
  custom:graphics/normal-map-encoding: 01000000000000000000000000000000 -> 02000000000000000000000000000000
AssetImportWorkerClient::OnTransportError - code=2 error=End of file
