Using pre-set license

 COMMAND LINE ARGUMENTS:
/Applications/2020.3.1f1/Unity.app/Contents/MacOS/Unity
-adb2
-batchMode
-noUpm
-name
AssetImportWorker0
-projectPath
/Users/jessd/Documents/Documents/PhD Leuven/Duck_Soap/Unity_Prototype.nosync copy 2/2Dsoap_prototype_final
-logFile
Logs/AssetImportWorker0.log
-srvPort
54392
Successfully changed project path to: /Users/jessd/Documents/Documents/PhD Leuven/Duck_Soap/Unity_Prototype.nosync copy 2/2Dsoap_prototype_final
/Users/jessd/Documents/Documents/PhD Leuven/Duck_Soap/Unity_Prototype.nosync copy 2/2Dsoap_prototype_final
Using Asset Import Pipeline V2.
Refreshing native plugins compatible for Editor in 43.19 ms, found 2 plugins.
Preloading 0 native plugins for Editor in 0.00 ms.
Initialize engine version: 2020.3.1f1 (77a89f25062f)
[Subsystems] Discovering subsystems at path /Applications/2020.3.1f1/Unity.app/Contents/Resources/UnitySubsystems
[Subsystems] Discovering subsystems at path /Users/jessd/Documents/Documents/PhD Leuven/Duck_Soap/Unity_Prototype.nosync copy 2/2Dsoap_prototype_final/Assets
GfxDevice: creating device client; threaded=0
2021-09-20 17:06:21.762 Unity[39797:1450016] S27E330 preferred device: AMD Radeon Pro 5500M (high power)
2021-09-20 17:06:21.762 Unity[39797:1450016] Metal devices available: 2
2021-09-20 17:06:21.762 Unity[39797:1450016] 0: AMD Radeon Pro 5500M (high power)
2021-09-20 17:06:21.762 Unity[39797:1450016] 1: Intel(R) UHD Graphics 630 (low power)
2021-09-20 17:06:21.762 Unity[39797:1450016] Using device AMD Radeon Pro 5500M (high power)
Initializing Metal device caps: AMD Radeon Pro 5500M
Initialize mono
Mono path[0] = '/Applications/2020.3.1f1/Unity.app/Contents/Managed'
Mono path[1] = '/Applications/2020.3.1f1/Unity.app/Contents/MonoBleedingEdge/lib/mono/unityjit'
Mono config path = '/Applications/2020.3.1f1/Unity.app/Contents/MonoBleedingEdge/etc'
Using monoOptions --debugger-agent=transport=dt_socket,embedding=1,server=y,suspend=n,address=127.0.0.1:56797
Begin MonoManager ReloadAssembly
Registering precompiled unity dll's ...
Register platform support module: /Applications/2020.3.1f1/PlaybackEngines/WebGLSupport/UnityEditor.WebGL.Extensions.dll
Register platform support module: /Applications/2020.3.1f1/Unity.app/Contents/PlaybackEngines/MacStandaloneSupport/UnityEditor.OSXStandalone.Extensions.dll
Registered in 0.002646 seconds.
Native extension for OSXStandalone target not found
Native extension for WebGL target not found
Refreshing native plugins compatible for Editor in 41.98 ms, found 2 plugins.
Preloading 0 native plugins for Editor in 0.00 ms.
Invoked RoslynAnalysisRunner static constructor.
RoslynAnalysisRunner will not be running.
RoslynAnalysisRunner has terminated.
Mono: successfully reloaded assembly
- Completed reload, in  4.029 seconds
Platform modules already initialized, skipping
Registering precompiled user dll's ...
Registered in 0.001941 seconds.
Begin MonoManager ReloadAssembly
Native extension for OSXStandalone target not found
Native extension for WebGL target not found
Refreshing native plugins compatible for Editor in 38.49 ms, found 2 plugins.
Preloading 0 native plugins for Editor in 0.00 ms.
Invoked RoslynAnalysisRunner static constructor.
RoslynAnalysisRunner will not be running.
RoslynAnalysisRunner has terminated.
Mono: successfully reloaded assembly
- Completed reload, in  1.068 seconds
Platform modules already initialized, skipping
========================================================================
Worker process is ready to serve import requests
Launching external process: /Applications/2020.3.1f1/Unity.app/Contents/Tools/UnityShaderCompiler
Launched and connected shader compiler UnityShaderCompiler after 0.01 seconds
Refreshing native plugins compatible for Editor in 0.36 ms, found 2 plugins.
Preloading 0 native plugins for Editor in 0.00 ms.
Unloading 1853 Unused Serialized files (Serialized files now loaded: 0)
System memory in use before: 153.3 MB.
System memory in use after: 153.4 MB.

Unloading 16 unused Assets to reduce memory usage. Loaded Objects now: 2302.
Total: 2.019719 ms (FindLiveObjects: 0.205108 ms CreateObjectMapping: 0.068285 ms MarkObjects: 1.685490 ms  DeleteObjects: 0.060010 ms)

========================================================================
Received Import Request.
  path: Assets/Scenes/scene_shop.unity
  artifactKey: Guid(dc74887350bebc348bf474ab61dc9aff) Importer(815301076,1909f56bfc062723c751e8b465ee728b)
Start importing Assets/Scenes/scene_shop.unity using Guid(dc74887350bebc348bf474ab61dc9aff) Importer(815301076,1909f56bfc062723c751e8b465ee728b)  -> (artifact id: 'aa83a9bd8b2bd15d806589d438c3e919') in 0.014641 seconds
  Import took 0.020467 seconds .

========================================================================
Received Import Request.
  Time since last request: 0.010136 seconds.
  path: Assets/Scenes/scene_shop.unity
  artifactKey: Guid(dc74887350bebc348bf474ab61dc9aff) Importer(815301076,1909f56bfc062723c751e8b465ee728b)
Start importing Assets/Scenes/scene_shop.unity using Guid(dc74887350bebc348bf474ab61dc9aff) Importer(815301076,1909f56bfc062723c751e8b465ee728b)  -> (artifact id: 'aa83a9bd8b2bd15d806589d438c3e919') in 0.001422 seconds
  Import took 0.005415 seconds .

========================================================================
Received Prepare
Registering precompiled user dll's ...
Registered in 0.000895 seconds.
Begin MonoManager ReloadAssembly
Native extension for OSXStandalone target not found
Native extension for WebGL target not found
Refreshing native plugins compatible for Editor in 0.35 ms, found 2 plugins.
Preloading 0 native plugins for Editor in 0.00 ms.
Invoked RoslynAnalysisRunner static constructor.
RoslynAnalysisRunner will not be running.
RoslynAnalysisRunner has terminated.
Mono: successfully reloaded assembly
- Completed reload, in  0.948 seconds
Platform modules already initialized, skipping
Switching build target platform(2) subTarget(0) extendedPlatform(0) -> platform(9) subTarget(16777218) extendedPlatform(0)
Refreshing native plugins compatible for Editor in 0.34 ms, found 2 plugins.
Preloading 0 native plugins for Editor in 0.00 ms.
Unloading 1834 Unused Serialized files (Serialized files now loaded: 0)
System memory in use before: 151.9 MB.
System memory in use after: 152.0 MB.

Unloading 8 unused Assets to reduce memory usage. Loaded Objects now: 2306.
Total: 1.822618 ms (FindLiveObjects: 0.317310 ms CreateObjectMapping: 0.056267 ms MarkObjects: 1.436470 ms  DeleteObjects: 0.011701 ms)

AssetImportParameters requested are different than current active one (requested -> active):
  custom:graphics/normal-map-encoding: 01000000000000000000000000000000 -> 02000000000000000000000000000000
